2024-04-24 07:31:59,967 DEBUG o.s.c.a.ClassPathScanningCandidateComponentProvider [main] Identified candidate component class: file [/Users/arunkumarashokan/SpringBootProjects/FirstSpringCoreProject/build/classes/java/main/com/springcoreproject1/componentscan/TransactionReport.class]
2024-04-24 07:31:59,975 DEBUG o.s.c.s.AbstractApplicationContext [main] Refreshing org.springframework.context.annotation.AnnotationConfigApplicationContext@19d481b
2024-04-24 07:31:59,981 DEBUG o.s.b.f.s.DefaultSingletonBeanRegistry [main] Creating shared instance of singleton bean 'org.springframework.context.annotation.internalConfigurationAnnotationProcessor'
2024-04-24 07:31:59,996 DEBUG o.s.b.f.s.DefaultSingletonBeanRegistry [main] Creating shared instance of singleton bean 'org.springframework.context.event.internalEventListenerProcessor'
2024-04-24 07:31:59,997 DEBUG o.s.b.f.s.DefaultSingletonBeanRegistry [main] Creating shared instance of singleton bean 'org.springframework.context.event.internalEventListenerFactory'
2024-04-24 07:31:59,997 DEBUG o.s.b.f.s.DefaultSingletonBeanRegistry [main] Creating shared instance of singleton bean 'org.springframework.context.annotation.internalAutowiredAnnotationProcessor'
2024-04-24 07:31:59,998 DEBUG o.s.b.f.s.DefaultSingletonBeanRegistry [main] Creating shared instance of singleton bean 'org.springframework.context.annotation.internalCommonAnnotationProcessor'
2024-04-24 07:32:00,001 DEBUG o.s.b.f.s.DefaultSingletonBeanRegistry [main] Creating shared instance of singleton bean 'transactionReport'
2024-04-24 07:32:00,007 WARN o.s.c.s.AbstractApplicationContext [main] Exception encountered during context initialization - cancelling refresh attempt: org.springframework.beans.factory.UnsatisfiedDependencyException: Error creating bean with name 'transactionReport': Unsatisfied dependency expressed through field 'transaction': No qualifying bean of type 'com.springcoreproject1.componlib.Transaction' available: expected at least 1 bean which qualifies as autowire candidate. Dependency annotations: {@org.springframework.beans.factory.annotation.Autowired(required=true)}
2024-04-24 07:32:58,873 DEBUG o.s.c.a.ClassPathScanningCandidateComponentProvider [main] Identified candidate component class: file [/Users/arunkumarashokan/SpringBootProjects/FirstSpringCoreProject/build/classes/java/main/com/springcoreproject1/componentscan/TransactionReport.class]
2024-04-24 07:32:58,878 DEBUG o.s.c.s.AbstractApplicationContext [main] Refreshing org.springframework.context.annotation.AnnotationConfigApplicationContext@19d481b
2024-04-24 07:32:58,885 DEBUG o.s.b.f.s.DefaultSingletonBeanRegistry [main] Creating shared instance of singleton bean 'org.springframework.context.annotation.internalConfigurationAnnotationProcessor'
2024-04-24 07:32:58,898 DEBUG o.s.b.f.s.DefaultSingletonBeanRegistry [main] Creating shared instance of singleton bean 'org.springframework.context.event.internalEventListenerProcessor'
2024-04-24 07:32:58,899 DEBUG o.s.b.f.s.DefaultSingletonBeanRegistry [main] Creating shared instance of singleton bean 'org.springframework.context.event.internalEventListenerFactory'
2024-04-24 07:32:58,900 DEBUG o.s.b.f.s.DefaultSingletonBeanRegistry [main] Creating shared instance of singleton bean 'org.springframework.context.annotation.internalAutowiredAnnotationProcessor'
2024-04-24 07:32:58,901 DEBUG o.s.b.f.s.DefaultSingletonBeanRegistry [main] Creating shared instance of singleton bean 'org.springframework.context.annotation.internalCommonAnnotationProcessor'
2024-04-24 07:32:58,904 DEBUG o.s.b.f.s.DefaultSingletonBeanRegistry [main] Creating shared instance of singleton bean 'transactionReport'
2024-04-24 07:32:58,910 WARN o.s.c.s.AbstractApplicationContext [main] Exception encountered during context initialization - cancelling refresh attempt: org.springframework.beans.factory.UnsatisfiedDependencyException: Error creating bean with name 'transactionReport': Unsatisfied dependency expressed through field 'transaction': No qualifying bean of type 'com.springcoreproject1.componlib.Transaction' available: expected at least 1 bean which qualifies as autowire candidate. Dependency annotations: {@org.springframework.beans.factory.annotation.Autowired(required=true)}
2024-04-24 07:34:22,216 DEBUG o.s.c.a.ClassPathScanningCandidateComponentProvider [main] Identified candidate component class: file [/Users/arunkumarashokan/SpringBootProjects/FirstSpringCoreProject/build/classes/java/main/com/springcoreproject1/componentscan/TransactionReport.class]
2024-04-24 07:34:22,222 DEBUG o.s.c.s.AbstractApplicationContext [main] Refreshing org.springframework.context.annotation.AnnotationConfigApplicationContext@19d481b
2024-04-24 07:34:22,229 DEBUG o.s.b.f.s.DefaultSingletonBeanRegistry [main] Creating shared instance of singleton bean 'org.springframework.context.annotation.internalConfigurationAnnotationProcessor'
2024-04-24 07:34:22,243 DEBUG o.s.b.f.s.DefaultSingletonBeanRegistry [main] Creating shared instance of singleton bean 'org.springframework.context.event.internalEventListenerProcessor'
2024-04-24 07:34:22,244 DEBUG o.s.b.f.s.DefaultSingletonBeanRegistry [main] Creating shared instance of singleton bean 'org.springframework.context.event.internalEventListenerFactory'
2024-04-24 07:34:22,245 DEBUG o.s.b.f.s.DefaultSingletonBeanRegistry [main] Creating shared instance of singleton bean 'org.springframework.context.annotation.internalAutowiredAnnotationProcessor'
2024-04-24 07:34:22,247 DEBUG o.s.b.f.s.DefaultSingletonBeanRegistry [main] Creating shared instance of singleton bean 'org.springframework.context.annotation.internalCommonAnnotationProcessor'
2024-04-24 07:34:22,250 DEBUG o.s.b.f.s.DefaultSingletonBeanRegistry [main] Creating shared instance of singleton bean 'transactionReport'
2024-04-24 07:34:22,256 WARN o.s.c.s.AbstractApplicationContext [main] Exception encountered during context initialization - cancelling refresh attempt: org.springframework.beans.factory.UnsatisfiedDependencyException: Error creating bean with name 'transactionReport': Unsatisfied dependency expressed through field 'transaction': No qualifying bean of type 'com.springcoreproject1.componlib.Transaction' available: expected at least 1 bean which qualifies as autowire candidate. Dependency annotations: {@org.springframework.beans.factory.annotation.Autowired(required=true)}
2024-04-24 07:34:46,881 DEBUG o.s.c.a.ClassPathScanningCandidateComponentProvider [main] Identified candidate component class: file [/Users/arunkumarashokan/SpringBootProjects/FirstSpringCoreProject/build/classes/java/main/com/springcoreproject1/componentscan/TransactionReport.class]
2024-04-24 07:34:46,886 DEBUG o.s.c.s.AbstractApplicationContext [main] Refreshing org.springframework.context.annotation.AnnotationConfigApplicationContext@51f116b8
2024-04-24 07:34:46,893 DEBUG o.s.b.f.s.DefaultSingletonBeanRegistry [main] Creating shared instance of singleton bean 'org.springframework.context.annotation.internalConfigurationAnnotationProcessor'
2024-04-24 07:34:46,907 DEBUG o.s.c.a.ClassPathScanningCandidateComponentProvider [main] Identified candidate component class: file [/Users/arunkumarashokan/SpringBootProjects/FirstSpringCoreProject/build/classes/java/main/com/springcoreproject1/componlib/Transaction.class]
2024-04-24 07:34:46,911 DEBUG o.s.b.f.s.DefaultSingletonBeanRegistry [main] Creating shared instance of singleton bean 'org.springframework.context.event.internalEventListenerProcessor'
2024-04-24 07:34:46,912 DEBUG o.s.b.f.s.DefaultSingletonBeanRegistry [main] Creating shared instance of singleton bean 'org.springframework.context.event.internalEventListenerFactory'
2024-04-24 07:34:46,913 DEBUG o.s.b.f.s.DefaultSingletonBeanRegistry [main] Creating shared instance of singleton bean 'org.springframework.context.annotation.internalAutowiredAnnotationProcessor'
2024-04-24 07:34:46,915 DEBUG o.s.b.f.s.DefaultSingletonBeanRegistry [main] Creating shared instance of singleton bean 'org.springframework.context.annotation.internalCommonAnnotationProcessor'
2024-04-24 07:34:46,918 DEBUG o.s.b.f.s.DefaultSingletonBeanRegistry [main] Creating shared instance of singleton bean 'transactionReport'
2024-04-24 07:34:46,923 DEBUG o.s.b.f.s.DefaultSingletonBeanRegistry [main] Creating shared instance of singleton bean 'transaction'
